<?xml version="1.0" encoding="UTF-8"?>
<testng-results ignored="0" total="1" passed="1" failed="0" skipped="0">
  <reporter-output>
  </reporter-output>
  <suite started-at="2022-09-15T19:29:29 IST" name="Default suite" finished-at="2022-09-15T19:29:29 IST" duration-ms="45">
    <groups>
    </groups>
    <test started-at="2022-09-15T19:29:29 IST" name="Default test" finished-at="2022-09-15T19:29:29 IST" duration-ms="45">
      <class name="Practice.AddToCartTest">
        <test-method signature="addToCartTest()[pri:0, instance:Practice.AddToCartTest@79da8dc5]" started-at="2022-09-15T19:29:29 IST" name="addToCartTest" finished-at="2022-09-15T19:29:29 IST" duration-ms="6" status="PASS">
          <reporter-output>
          </reporter-output>
        </test-method> <!-- addToCartTest -->
      </class> <!-- Practice.AddToCartTest -->
    </test> <!-- Default test -->
  </suite> <!-- Default suite -->
</testng-results>
